<?xml version="1.0" encoding="UTF-8"?>
<!-- Generated by org.testng.reporters.JUnitXMLReporter -->
<testsuite hostname="AIPL-DT-BLR-292" ignored="0" name="Simple Test" tests="1" failures="0" timestamp="09 Apr 2018 10:55:36 GMT" time="0.06" errors="0">
  <testcase name="@BeforeClass testSetUp" time="0.037" classname="com.paybank.maven.paybank.beneficiary.AppTest">
    <failure type="java.lang.IllegalStateException" message="The path to the driver executable must be set by the phantomjs.binary.path capability/system property/PATH variable; for more information, see https://github.com/ariya/phantomjs/wiki. The latest version can be downloaded from http://phantomjs.org/download.html">
      <![CDATA[java.lang.IllegalStateException: The path to the driver executable must be set by the phantomjs.binary.path capability/system property/PATH variable; for more information, see https://github.com/ariya/phantomjs/wiki. The latest version can be downloaded from http://phantomjs.org/download.html
at com.google.common.base.Preconditions.checkState(Preconditions.java:177)
at org.openqa.selenium.phantomjs.PhantomJSDriverService.findPhantomJS(PhantomJSDriverService.java:237)
at org.openqa.selenium.phantomjs.PhantomJSDriverService.createDefaultService(PhantomJSDriverService.java:182)
at org.openqa.selenium.phantomjs.PhantomJSDriver.<init>(PhantomJSDriver.java:99)
at org.openqa.selenium.phantomjs.PhantomJSDriver.<init>(PhantomJSDriver.java:89)
at com.paybank.maven.paybank.beneficiary.AppTest.testSetUp(AppTest.java:28)
... Removed 26 stack frames]]>
    </failure>
  </testcase> <!-- @BeforeClass testSetUp -->
  <testcase name="@AfterClass tearDown" time="0.0" classname="com.paybank.maven.paybank.beneficiary.AppTest">
    <skipped/>
  </testcase> <!-- @AfterClass tearDown -->
  <testcase name="verifyGooglePageTittle" time="0.0" classname="com.paybank.maven.paybank.beneficiary.AppTest">
    <skipped/>
  </testcase> <!-- verifyGooglePageTittle -->
</testsuite> <!-- Simple Test -->
