<?xml version="1.0" encoding="UTF-8"?>
<testng-results skipped="0" failed="1" ignored="1" total="2" passed="0">
  <reporter-output>
  </reporter-output>
  <suite name="Example test run" duration-ms="12317" started-at="2018-04-10T12:03:21Z" finished-at="2018-04-10T12:03:33Z">
    <groups>
      <group name="Fail">
        <method signature="AppTest.verifyBeneficiaryAddedFailed()[pri:0, instance:com.paybank.maven.paybank.beneficiary.AppTest@1e7c7811]" name="verifyBeneficiaryAddedFailed" class="com.paybank.maven.paybank.beneficiary.AppTest"/>
      </group> <!-- Fail -->
    </groups>
    <test name="verifyBeneficiaryAdded" duration-ms="12317" started-at="2018-04-10T12:03:21Z" finished-at="2018-04-10T12:03:33Z">
      <class name="com.paybank.maven.paybank.beneficiary.AppTest">
        <test-method status="PASS" signature="testSetUp()[pri:0, instance:com.paybank.maven.paybank.beneficiary.AppTest@1e7c7811]" name="testSetUp" is-config="true" duration-ms="2401" started-at="2018-04-10T12:03:21Z" finished-at="2018-04-10T12:03:23Z">
          <reporter-output>
          </reporter-output>
        </test-method> <!-- testSetUp -->
        <test-method status="FAIL" signature="verifyBeneficiaryAddedFailed()[pri:0, instance:com.paybank.maven.paybank.beneficiary.AppTest@1e7c7811]" name="verifyBeneficiaryAddedFailed" duration-ms="8846" started-at="2018-04-10T12:03:23Z" finished-at="2018-04-10T12:03:32Z">
          <exception class="java.lang.AssertionError">
            <message>
              <![CDATA[expected [false] but found [true]]]>
            </message>
            <full-stacktrace>
              <![CDATA[java.lang.AssertionError: expected [false] but found [true]
at org.testng.Assert.fail(Assert.java:96)
at org.testng.Assert.failNotEquals(Assert.java:776)
at org.testng.Assert.assertFalse(Assert.java:65)
at org.testng.Assert.assertFalse(Assert.java:75)
at com.paybank.maven.paybank.beneficiary.AppTest.verifyBeneficiaryAddedFailed(AppTest.java:130)
at sun.reflect.NativeMethodAccessorImpl.invoke0(Native Method)
at sun.reflect.NativeMethodAccessorImpl.invoke(Unknown Source)
at sun.reflect.DelegatingMethodAccessorImpl.invoke(Unknown Source)
at java.lang.reflect.Method.invoke(Unknown Source)
at org.testng.internal.MethodInvocationHelper.invokeMethod(MethodInvocationHelper.java:124)
at org.testng.internal.Invoker.invokeMethod(Invoker.java:580)
at org.testng.internal.Invoker.invokeTestMethod(Invoker.java:716)
at org.testng.internal.Invoker.invokeTestMethods(Invoker.java:988)
at org.testng.internal.TestMethodWorker.invokeTestMethods(TestMethodWorker.java:125)
at org.testng.internal.TestMethodWorker.run(TestMethodWorker.java:109)
at org.testng.TestRunner.privateRun(TestRunner.java:648)
at org.testng.TestRunner.run(TestRunner.java:505)
at org.testng.SuiteRunner.runTest(SuiteRunner.java:455)
at org.testng.SuiteRunner.runSequentially(SuiteRunner.java:450)
at org.testng.SuiteRunner.privateRun(SuiteRunner.java:415)
at org.testng.SuiteRunner.run(SuiteRunner.java:364)
at org.testng.SuiteRunnerWorker.runSuite(SuiteRunnerWorker.java:52)
at org.testng.SuiteRunnerWorker.run(SuiteRunnerWorker.java:84)
at org.testng.TestNG.runSuitesSequentially(TestNG.java:1208)
at org.testng.TestNG.runSuitesLocally(TestNG.java:1137)
at org.testng.TestNG.runSuites(TestNG.java:1049)
at org.testng.TestNG.run(TestNG.java:1017)
at org.testng.remote.AbstractRemoteTestNG.run(AbstractRemoteTestNG.java:114)
at org.testng.remote.RemoteTestNG.initAndRun(RemoteTestNG.java:251)
at org.testng.remote.RemoteTestNG.main(RemoteTestNG.java:77)
]]>
            </full-stacktrace>
          </exception> <!-- java.lang.AssertionError -->
          <reporter-output>
          </reporter-output>
        </test-method> <!-- verifyBeneficiaryAddedFailed -->
        <test-method status="PASS" signature="tearDown()[pri:0, instance:com.paybank.maven.paybank.beneficiary.AppTest@1e7c7811]" name="tearDown" is-config="true" duration-ms="1056" started-at="2018-04-10T12:03:32Z" finished-at="2018-04-10T12:03:33Z">
          <reporter-output>
          </reporter-output>
        </test-method> <!-- tearDown -->
      </class> <!-- com.paybank.maven.paybank.beneficiary.AppTest -->
    </test> <!-- verifyBeneficiaryAdded -->
  </suite> <!-- Example test run -->
</testng-results>
